<?xml version="1.0" encoding="UTF-8" ?>
<testsuite tests="220" failures="0" name="RunCukesTest" time="0.089" errors="0" skipped="45">
  <properties>
    <property name="java.runtime.name" value="OpenJDK Runtime Environment"/>
    <property name="sun.boot.library.path" value="/usr/lib/jvm/java-8-openjdk-amd64/jre/lib/amd64"/>
    <property name="java.vm.version" value="25.91-b14"/>
    <property name="java.vm.vendor" value="Oracle Corporation"/>
    <property name="maven.multiModuleProjectDirectory" value="/home/kevin/Development/se_project_2"/>
    <property name="java.vendor.url" value="http://java.oracle.com/"/>
    <property name="path.separator" value=":"/>
    <property name="guice.disable.misplaced.annotation.check" value="true"/>
    <property name="java.vm.name" value="OpenJDK 64-Bit Server VM"/>
    <property name="file.encoding.pkg" value="sun.io"/>
    <property name="user.country" value="US"/>
    <property name="sun.java.launcher" value="SUN_STANDARD"/>
    <property name="sun.os.patch.level" value="unknown"/>
    <property name="java.vm.specification.name" value="Java Virtual Machine Specification"/>
    <property name="user.dir" value="/home/kevin/Development/se_project_2"/>
    <property name="java.runtime.version" value="1.8.0_91-8u91-b14-3ubuntu1~16.04.1-b14"/>
    <property name="java.awt.graphicsenv" value="sun.awt.X11GraphicsEnvironment"/>
    <property name="java.endorsed.dirs" value="/usr/lib/jvm/java-8-openjdk-amd64/jre/lib/endorsed"/>
    <property name="os.arch" value="amd64"/>
    <property name="java.io.tmpdir" value="/tmp"/>
    <property name="line.separator" value="
"/>
    <property name="java.vm.specification.vendor" value="Oracle Corporation"/>
    <property name="os.name" value="Linux"/>
    <property name="classworlds.conf" value="/usr/share/maven/bin/m2.conf"/>
    <property name="sun.jnu.encoding" value="UTF-8"/>
    <property name="java.library.path" value="/usr/java/packages/lib/amd64:/usr/lib/x86_64-linux-gnu/jni:/lib/x86_64-linux-gnu:/usr/lib/x86_64-linux-gnu:/usr/lib/jni:/lib:/usr/lib"/>
    <property name="java.specification.name" value="Java Platform API Specification"/>
    <property name="java.class.version" value="52.0"/>
    <property name="sun.management.compiler" value="HotSpot 64-Bit Tiered Compilers"/>
    <property name="os.version" value="4.4.0-38-generic"/>
    <property name="user.home" value="/home/kevin"/>
    <property name="user.timezone" value="America/Chicago"/>
    <property name="java.awt.printerjob" value="sun.print.PSPrinterJob"/>
    <property name="file.encoding" value="UTF-8"/>
    <property name="java.specification.version" value="1.8"/>
    <property name="user.name" value="kevin"/>
    <property name="java.class.path" value="/usr/share/maven/boot/plexus-classworlds-2.x.jar"/>
    <property name="java.vm.specification.version" value="1.8"/>
    <property name="sun.arch.data.model" value="64"/>
    <property name="java.home" value="/usr/lib/jvm/java-8-openjdk-amd64/jre"/>
    <property name="sun.java.command" value="org.codehaus.plexus.classworlds.launcher.Launcher clean test"/>
    <property name="java.specification.vendor" value="Oracle Corporation"/>
    <property name="user.language" value="en"/>
    <property name="awt.toolkit" value="sun.awt.X11.XToolkit"/>
    <property name="java.vm.info" value="mixed mode"/>
    <property name="java.version" value="1.8.0_91"/>
    <property name="java.ext.dirs" value="/usr/lib/jvm/java-8-openjdk-amd64/jre/lib/ext:/usr/java/packages/lib/ext"/>
    <property name="securerandom.source" value="file:/dev/./urandom"/>
    <property name="sun.boot.class.path" value="/usr/lib/jvm/java-8-openjdk-amd64/jre/lib/resources.jar:/usr/lib/jvm/java-8-openjdk-amd64/jre/lib/rt.jar:/usr/lib/jvm/java-8-openjdk-amd64/jre/lib/sunrsasign.jar:/usr/lib/jvm/java-8-openjdk-amd64/jre/lib/jsse.jar:/usr/lib/jvm/java-8-openjdk-amd64/jre/lib/jce.jar:/usr/lib/jvm/java-8-openjdk-amd64/jre/lib/charsets.jar:/usr/lib/jvm/java-8-openjdk-amd64/jre/lib/jfr.jar:/usr/lib/jvm/java-8-openjdk-amd64/jre/classes"/>
    <property name="java.vendor" value="Oracle Corporation"/>
    <property name="maven.home" value="/usr/share/maven"/>
    <property name="file.separator" value="/"/>
    <property name="java.vendor.url.bug" value="http://bugreport.sun.com/bugreport/"/>
    <property name="sun.cpu.endian" value="little"/>
    <property name="sun.io.unicode.encoding" value="UnicodeLittle"/>
    <property name="sun.desktop" value="gnome"/>
    <property name="sun.cpu.isalist" value=""/>
  </properties>
  <testcase classname="| 12345 | Bob |" name="Given the file \&quot;data_module_test_1.csv\&quot; to load" time="0"/>
  <testcase classname="| 12345 | Bob |" name="And I load the file into the data module" time="0.004">
    <skipped/>
  </testcase>
  <testcase classname="| 12345 | Bob |" name="When I request the student with the banner ID 12345" time="0.004">
    <skipped/>
  </testcase>
  <testcase classname="| 12345 | Bob |" name="And I ask for the student\&apos;s first name" time="0.004">
    <skipped/>
  </testcase>
  <testcase classname="| 12345 | Bob |" name="Then I receive the string Bob from the data module" time="0.004">
    <skipped/>
  </testcase>
  <testcase classname="| 12345 | Bob |" name="| 12345 | Bob |" time="0.004">
    <skipped/>
  </testcase>
  <testcase classname="| 12345 | Bob |" name="| 12345 | Bob |" time="0.004"/>
  <testcase classname="| 54321 | Bubba |" name="Given the file \&quot;data_module_test_1.csv\&quot; to load" time="0"/>
  <testcase classname="| 54321 | Bubba |" name="And I load the file into the data module" time="0.002">
    <skipped/>
  </testcase>
  <testcase classname="| 54321 | Bubba |" name="When I request the student with the banner ID 54321" time="0.002">
    <skipped/>
  </testcase>
  <testcase classname="| 54321 | Bubba |" name="And I ask for the student\&apos;s first name" time="0.002">
    <skipped/>
  </testcase>
  <testcase classname="| 54321 | Bubba |" name="Then I receive the string Bubba from the data module" time="0.002">
    <skipped/>
  </testcase>
  <testcase classname="| 54321 | Bubba |" name="| 54321 | Bubba |" time="0.002">
    <skipped/>
  </testcase>
  <testcase classname="| 54321 | Bubba |" name="| 54321 | Bubba |" time="0.002"/>
  <testcase classname="| 13524 | Blah |" name="Given the file \&quot;data_module_test_1.csv\&quot; to load" time="0"/>
  <testcase classname="| 13524 | Blah |" name="And I load the file into the data module" time="0.001">
    <skipped/>
  </testcase>
  <testcase classname="| 13524 | Blah |" name="When I request the student with the banner ID 13524" time="0.001">
    <skipped/>
  </testcase>
  <testcase classname="| 13524 | Blah |" name="And I ask for the student\&apos;s first name" time="0.002">
    <skipped/>
  </testcase>
  <testcase classname="| 13524 | Blah |" name="Then I receive the string Blah from the data module" time="0.002">
    <skipped/>
  </testcase>
  <testcase classname="| 13524 | Blah |" name="| 13524 | Blah |" time="0.002">
    <skipped/>
  </testcase>
  <testcase classname="| 13524 | Blah |" name="| 13524 | Blah |" time="0.002"/>
  <testcase classname="| 12444 | John |" name="Given the file \&quot;data_module_test_1.csv\&quot; to load" time="0"/>
  <testcase classname="| 12444 | John |" name="And I load the file into the data module" time="0.001">
    <skipped/>
  </testcase>
  <testcase classname="| 12444 | John |" name="When I request the professor with the professor ID 12444" time="0.001">
    <skipped/>
  </testcase>
  <testcase classname="| 12444 | John |" name="And I ask for the professor\&apos;s first name" time="0.002">
    <skipped/>
  </testcase>
  <testcase classname="| 12444 | John |" name="Then I receive the string John from the data module" time="0.003">
    <skipped/>
  </testcase>
  <testcase classname="| 12444 | John |" name="| 12444 | John |" time="0.003">
    <skipped/>
  </testcase>
  <testcase classname="| 12444 | John |" name="| 12444 | John |" time="0.003"/>
  <testcase classname="| 09876 | Bob |" name="Given the file \&quot;data_module_test_1.csv\&quot; to load" time="0"/>
  <testcase classname="| 09876 | Bob |" name="And I load the file into the data module" time="0">
    <skipped/>
  </testcase>
  <testcase classname="| 09876 | Bob |" name="When I request the professor with the professor ID 09876" time="0">
    <skipped/>
  </testcase>
  <testcase classname="| 09876 | Bob |" name="And I ask for the professor\&apos;s first name" time="0">
    <skipped/>
  </testcase>
  <testcase classname="| 09876 | Bob |" name="Then I receive the string Bob from the data module" time="0">
    <skipped/>
  </testcase>
  <testcase classname="| 09876 | Bob |" name="| 09876 | Bob |" time="0">
    <skipped/>
  </testcase>
  <testcase classname="| 09876 | Bob |" name="| 09876 | Bob |" time="0"/>
  <testcase classname="| 77777 | Jake |" name="Given the file \&quot;data_module_test_1.csv\&quot; to load" time="0"/>
  <testcase classname="| 77777 | Jake |" name="And I load the file into the data module" time="0">
    <skipped/>
  </testcase>
  <testcase classname="| 77777 | Jake |" name="When I request the professor with the professor ID 77777" time="0">
    <skipped/>
  </testcase>
  <testcase classname="| 77777 | Jake |" name="And I ask for the professor\&apos;s first name" time="0.001">
    <skipped/>
  </testcase>
  <testcase classname="| 77777 | Jake |" name="Then I receive the string Jake from the data module" time="0.001">
    <skipped/>
  </testcase>
  <testcase classname="| 77777 | Jake |" name="| 77777 | Jake |" time="0.001">
    <skipped/>
  </testcase>
  <testcase classname="| 77777 | Jake |" name="| 77777 | Jake |" time="0.001"/>
  <testcase classname="| 13524 | ACCT |" name="Given the file \&quot;data_module_test_1.csv\&quot; to load" time="0"/>
  <testcase classname="| 13524 | ACCT |" name="And I load the file into the data module" time="0">
    <skipped/>
  </testcase>
  <testcase classname="| 13524 | ACCT |" name="When I request the section with the CRN 13524" time="0">
    <skipped/>
  </testcase>
  <testcase classname="| 13524 | ACCT |" name="And I ask for the section\&apos;s subject" time="0.001">
    <skipped/>
  </testcase>
  <testcase classname="| 13524 | ACCT |" name="Then I receive the string ACCT from the data module" time="0.001">
    <skipped/>
  </testcase>
  <testcase classname="| 13524 | ACCT |" name="| 13524 | ACCT |" time="0.001">
    <skipped/>
  </testcase>
  <testcase classname="| 13524 | ACCT |" name="| 13524 | ACCT |" time="0.001"/>
  <testcase classname="| 12345 | CS |" name="Given the file \&quot;data_module_test_1.csv\&quot; to load" time="0"/>
  <testcase classname="| 12345 | CS |" name="And I load the file into the data module" time="0">
    <skipped/>
  </testcase>
  <testcase classname="| 12345 | CS |" name="When I request the section with the CRN 12345" time="0.001">
    <skipped/>
  </testcase>
  <testcase classname="| 12345 | CS |" name="And I ask for the section\&apos;s subject" time="0.001">
    <skipped/>
  </testcase>
  <testcase classname="| 12345 | CS |" name="Then I receive the string CS from the data module" time="0.001">
    <skipped/>
  </testcase>
  <testcase classname="| 12345 | CS |" name="| 12345 | CS |" time="0.001">
    <skipped/>
  </testcase>
  <testcase classname="| 12345 | CS |" name="| 12345 | CS |" time="0.001"/>
  <testcase classname="| 54321 | IT |" name="Given the file \&quot;data_module_test_1.csv\&quot; to load" time="0"/>
  <testcase classname="| 54321 | IT |" name="And I load the file into the data module" time="0.001">
    <skipped/>
  </testcase>
  <testcase classname="| 54321 | IT |" name="When I request the section with the CRN 54321" time="0.001">
    <skipped/>
  </testcase>
  <testcase classname="| 54321 | IT |" name="And I ask for the section\&apos;s subject" time="0.001">
    <skipped/>
  </testcase>
  <testcase classname="| 54321 | IT |" name="Then I receive the string IT from the data module" time="0.002">
    <skipped/>
  </testcase>
  <testcase classname="| 54321 | IT |" name="| 54321 | IT |" time="0.002">
    <skipped/>
  </testcase>
  <testcase classname="| 54321 | IT |" name="| 54321 | IT |" time="0.002"/>
  <testcase classname="Scenario: The parser successfully reads the lines in file \&quot;parse_test_1.csv\&quot;" name="Given the file \&quot;parse_test_1.csv\&quot; to parse" time="0"/>
  <testcase classname="Scenario: The parser successfully reads the lines in file \&quot;parse_test_1.csv\&quot;" name="When I request line 1 of the file" time="0"/>
  <testcase classname="Scenario: The parser successfully reads the lines in file \&quot;parse_test_1.csv\&quot;" name="Then I receive the string values:" time="0"/>
  <testcase classname="Scenario: The parser successfully reads the lines in file \&quot;parse_test_1.csv\&quot;" name="Given the file \&quot;parse_test_1.csv\&quot; to parse" time="0"/>
  <testcase classname="Scenario: The parser successfully reads the lines in file \&quot;parse_test_1.csv\&quot;" name="When I request line 2 of the file" time="0"/>
  <testcase classname="Scenario: The parser successfully reads the lines in file \&quot;parse_test_1.csv\&quot;" name="Then I receive the string values:" time="0"/>
  <testcase classname="Scenario: The parser successfully reads the lines in file \&quot;parse_test_1.csv\&quot;" name="Given the file \&quot;parse_test_1.csv\&quot; to parse" time="0"/>
  <testcase classname="Scenario: The parser successfully reads the lines in file \&quot;parse_test_1.csv\&quot;" name="When I request line 3 of the file" time="0"/>
  <testcase classname="Scenario: The parser successfully reads the lines in file \&quot;parse_test_1.csv\&quot;" name="Then I receive the string values:" time="0"/>
  <testcase classname="Scenario: The parser successfully reads the lines in file \&quot;parse_test_1.csv\&quot;" name="Given the file \&quot;parse_test_1.csv\&quot; to parse" time="0.006"/>
  <testcase classname="Scenario: The parser successfully reads the lines in file \&quot;parse_test_1.csv\&quot;" name="When I request line 4 of the file" time="0"/>
  <testcase classname="Scenario: The parser successfully reads the lines in file \&quot;parse_test_1.csv\&quot;" name="Then I receive the string values:" time="0"/>
  <testcase classname="Scenario: The parser successfully reads the lines in file \&quot;parse_test_1.csv\&quot;" name="Scenario: The parser successfully reads the lines in file \&quot;parse_test_1.csv\&quot;" time="0"/>
  <testcase classname="Scenario: System asks for a professor\&apos;s first name" name="Given there is a professor with the first name \&quot;Brent\&quot;" time="0"/>
  <testcase classname="Scenario: System asks for a professor\&apos;s first name" name="When I ask for the professor\&apos;s first name" time="0"/>
  <testcase classname="Scenario: System asks for a professor\&apos;s first name" name="Then I receive the string \&quot;Brent\&quot; from the professor" time="0"/>
  <testcase classname="Scenario: System asks for a professor\&apos;s first name" name="Scenario: System asks for a professor\&apos;s first name" time="0"/>
  <testcase classname="Scenario: System asks for a professor\&apos;s last name" name="Given there is a professor with the last name \&quot;Reeves\&quot;" time="0"/>
  <testcase classname="Scenario: System asks for a professor\&apos;s last name" name="When I ask for the professor\&apos;s last name" time="0"/>
  <testcase classname="Scenario: System asks for a professor\&apos;s last name" name="Then I receive the string \&quot;Reeves\&quot; from the professor" time="0"/>
  <testcase classname="Scenario: System asks for a professor\&apos;s last name" name="Scenario: System asks for a professor\&apos;s last name" time="0"/>
  <testcase classname="Scenario: System asks for a professor\&apos;s sections" name="Given there is a professor with the following sections:" time="0"/>
  <testcase classname="Scenario: System asks for a professor\&apos;s sections" name="When I ask for the professor\&apos;s sections" time="0"/>
  <testcase classname="Scenario: System asks for a professor\&apos;s sections" name="Then I receive this set from the professor:" time="0"/>
  <testcase classname="Scenario: System asks for a professor\&apos;s sections" name="Scenario: System asks for a professor\&apos;s sections" time="0"/>
  <testcase classname="| 12345 | 12345 |" name="Given there is a section with the CRN 12345" time="0"/>
  <testcase classname="| 12345 | 12345 |" name="When I ask for the section\&apos;s CRN" time="0"/>
  <testcase classname="| 12345 | 12345 |" name="Then I receive the integer 12345 from the section" time="0"/>
  <testcase classname="| 12345 | 12345 |" name="| 12345 | 12345 |" time="0"/>
  <testcase classname="| 54321 | 54321 |" name="Given there is a section with the CRN 54321" time="0"/>
  <testcase classname="| 54321 | 54321 |" name="When I ask for the section\&apos;s CRN" time="0"/>
  <testcase classname="| 54321 | 54321 |" name="Then I receive the integer 54321 from the section" time="0"/>
  <testcase classname="| 54321 | 54321 |" name="| 54321 | 54321 |" time="0"/>
  <testcase classname="| 13524 | 13524 |" name="Given there is a section with the CRN 13524" time="0"/>
  <testcase classname="| 13524 | 13524 |" name="When I ask for the section\&apos;s CRN" time="0"/>
  <testcase classname="| 13524 | 13524 |" name="Then I receive the integer 13524 from the section" time="0"/>
  <testcase classname="| 13524 | 13524 |" name="| 13524 | 13524 |" time="0"/>
  <testcase classname="Scenario: System asks for data about section subject" name="Given there is a section with the subject \&quot;CS\&quot;" time="0"/>
  <testcase classname="Scenario: System asks for data about section subject" name="When I ask for the section\&apos;s subject" time="0"/>
  <testcase classname="Scenario: System asks for data about section subject" name="Then I receive the string \&quot;CS\&quot; from the section" time="0"/>
  <testcase classname="Scenario: System asks for data about section subject" name="Scenario: System asks for data about section subject" time="0"/>
  <testcase classname="Scenario: System asks for data about section number" name="Given there is a section with the number \&quot;374\&quot;" time="0"/>
  <testcase classname="Scenario: System asks for data about section number" name="When I ask for the section\&apos;s number" time="0"/>
  <testcase classname="Scenario: System asks for data about section number" name="Then I receive the string \&quot;374\&quot; from the section" time="0"/>
  <testcase classname="Scenario: System asks for data about section number" name="Scenario: System asks for data about section number" time="0"/>
  <testcase classname="Scenario: System asks for data about section title" name="Given there is a section with the title \&quot;Software Engineering\&quot;" time="0"/>
  <testcase classname="Scenario: System asks for data about section title" name="When I ask for the section\&apos;s title" time="0"/>
  <testcase classname="Scenario: System asks for data about section title" name="Then I receive the string \&quot;Software Engineering\&quot; from the section" time="0"/>
  <testcase classname="Scenario: System asks for data about section title" name="Scenario: System asks for data about section title" time="0"/>
  <testcase classname="| 01 | 01 |" name="Given there is a section with the suffix \&quot;01\&quot;" time="0"/>
  <testcase classname="| 01 | 01 |" name="When I ask for the section\&apos;s suffix" time="0"/>
  <testcase classname="| 01 | 01 |" name="Then I receive the string \&quot;01\&quot; from the section" time="0"/>
  <testcase classname="| 01 | 01 |" name="| 01 | 01 |" time="0"/>
  <testcase classname="| H2 | H2 |" name="Given there is a section with the suffix \&quot;H2\&quot;" time="0"/>
  <testcase classname="| H2 | H2 |" name="When I ask for the section\&apos;s suffix" time="0"/>
  <testcase classname="| H2 | H2 |" name="Then I receive the string \&quot;H2\&quot; from the section" time="0"/>
  <testcase classname="| H2 | H2 |" name="| H2 | H2 |" time="0"/>
  <testcase classname="| 03 | 03 |" name="Given there is a section with the suffix \&quot;03\&quot;" time="0"/>
  <testcase classname="| 03 | 03 |" name="When I ask for the section\&apos;s suffix" time="0"/>
  <testcase classname="| 03 | 03 |" name="Then I receive the string \&quot;03\&quot; from the section" time="0"/>
  <testcase classname="| 03 | 03 |" name="| 03 | 03 |" time="0"/>
  <testcase classname="| Fall | Fall |" name="Given there is a section with the term Fall" time="0"/>
  <testcase classname="| Fall | Fall |" name="When I ask for the section\&apos;s term" time="0"/>
  <testcase classname="| Fall | Fall |" name="Then I receive the term Fall from the section" time="0"/>
  <testcase classname="| Fall | Fall |" name="| Fall | Fall |" time="0"/>
  <testcase classname="| Spring | Spring |" name="Given there is a section with the term Spring" time="0"/>
  <testcase classname="| Spring | Spring |" name="When I ask for the section\&apos;s term" time="0"/>
  <testcase classname="| Spring | Spring |" name="Then I receive the term Spring from the section" time="0"/>
  <testcase classname="| Spring | Spring |" name="| Spring | Spring |" time="0"/>
  <testcase classname="| Summer | Summer |" name="Given there is a section with the term Summer" time="0"/>
  <testcase classname="| Summer | Summer |" name="When I ask for the section\&apos;s term" time="0"/>
  <testcase classname="| Summer | Summer |" name="Then I receive the term Summer from the section" time="0"/>
  <testcase classname="| Summer | Summer |" name="| Summer | Summer |" time="0"/>
  <testcase classname="| FULL_TERM | FULL_TERM |" name="Given there is a section with the term-length FULL_TERM" time="0"/>
  <testcase classname="| FULL_TERM | FULL_TERM |" name="When I ask for the section\&apos;s term-length" time="0"/>
  <testcase classname="| FULL_TERM | FULL_TERM |" name="Then I receive the term-length FULL_TERM from the section" time="0"/>
  <testcase classname="| FULL_TERM | FULL_TERM |" name="| FULL_TERM | FULL_TERM |" time="0"/>
  <testcase classname="| JANUARY_INTENSIVE_COURSE | JANUARY_INTENSIVE_COURSE |" name="Given there is a section with the term-length JANUARY_INTENSIVE_COURSE" time="0"/>
  <testcase classname="| JANUARY_INTENSIVE_COURSE | JANUARY_INTENSIVE_COURSE |" name="When I ask for the section\&apos;s term-length" time="0"/>
  <testcase classname="| JANUARY_INTENSIVE_COURSE | JANUARY_INTENSIVE_COURSE |" name="Then I receive the term-length JANUARY_INTENSIVE_COURSE from the section" time="0"/>
  <testcase classname="| JANUARY_INTENSIVE_COURSE | JANUARY_INTENSIVE_COURSE |" name="| JANUARY_INTENSIVE_COURSE | JANUARY_INTENSIVE_COURSE |" time="0"/>
  <testcase classname="| ACU_WORLDWIDE_SESSION_1 | ACU_WORLDWIDE_SESSION_1 |" name="Given there is a section with the term-length ACU_WORLDWIDE_SESSION_1" time="0"/>
  <testcase classname="| ACU_WORLDWIDE_SESSION_1 | ACU_WORLDWIDE_SESSION_1 |" name="When I ask for the section\&apos;s term-length" time="0"/>
  <testcase classname="| ACU_WORLDWIDE_SESSION_1 | ACU_WORLDWIDE_SESSION_1 |" name="Then I receive the term-length ACU_WORLDWIDE_SESSION_1 from the section" time="0"/>
  <testcase classname="| ACU_WORLDWIDE_SESSION_1 | ACU_WORLDWIDE_SESSION_1 |" name="| ACU_WORLDWIDE_SESSION_1 | ACU_WORLDWIDE_SESSION_1 |" time="0.001"/>
  <testcase classname="| SESSION_I | SESSION_I |" name="Given there is a section with the term-length SESSION_I" time="0"/>
  <testcase classname="| SESSION_I | SESSION_I |" name="When I ask for the section\&apos;s term-length" time="0"/>
  <testcase classname="| SESSION_I | SESSION_I |" name="Then I receive the term-length SESSION_I from the section" time="0"/>
  <testcase classname="| SESSION_I | SESSION_I |" name="| SESSION_I | SESSION_I |" time="0"/>
  <testcase classname="| SESSION_IV | SESSION_IV |" name="Given there is a section with the term-length SESSION_IV" time="0"/>
  <testcase classname="| SESSION_IV | SESSION_IV |" name="When I ask for the section\&apos;s term-length" time="0"/>
  <testcase classname="| SESSION_IV | SESSION_IV |" name="Then I receive the term-length SESSION_IV from the section" time="0"/>
  <testcase classname="| SESSION_IV | SESSION_IV |" name="| SESSION_IV | SESSION_IV |" time="0"/>
  <testcase classname="| 2013 | 2013 |" name="Given there is a section with the year 2013" time="0"/>
  <testcase classname="| 2013 | 2013 |" name="When I ask for the section\&apos;s year" time="0"/>
  <testcase classname="| 2013 | 2013 |" name="Then I receive the integer 2013 from the section" time="0"/>
  <testcase classname="| 2013 | 2013 |" name="| 2013 | 2013 |" time="0"/>
  <testcase classname="| 2014 | 2014 |" name="Given there is a section with the year 2014" time="0"/>
  <testcase classname="| 2014 | 2014 |" name="When I ask for the section\&apos;s year" time="0"/>
  <testcase classname="| 2014 | 2014 |" name="Then I receive the integer 2014 from the section" time="0"/>
  <testcase classname="| 2014 | 2014 |" name="| 2014 | 2014 |" time="0"/>
  <testcase classname="| 2015 | 2015 |" name="Given there is a section with the year 2015" time="0"/>
  <testcase classname="| 2015 | 2015 |" name="When I ask for the section\&apos;s year" time="0"/>
  <testcase classname="| 2015 | 2015 |" name="Then I receive the integer 2015 from the section" time="0"/>
  <testcase classname="| 2015 | 2015 |" name="| 2015 | 2015 |" time="0"/>
  <testcase classname="| 2016 | 2016 |" name="Given there is a section with the year 2016" time="0"/>
  <testcase classname="| 2016 | 2016 |" name="When I ask for the section\&apos;s year" time="0"/>
  <testcase classname="| 2016 | 2016 |" name="Then I receive the integer 2016 from the section" time="0"/>
  <testcase classname="| 2016 | 2016 |" name="| 2016 | 2016 |" time="0"/>
  <testcase classname="| 2020 | 2020 |" name="Given there is a section with the year 2020" time="0"/>
  <testcase classname="| 2020 | 2020 |" name="When I ask for the section\&apos;s year" time="0"/>
  <testcase classname="| 2020 | 2020 |" name="Then I receive the integer 2020 from the section" time="0"/>
  <testcase classname="| 2020 | 2020 |" name="| 2020 | 2020 |" time="0"/>
  <testcase classname="| 3000 | 3000 |" name="Given there is a section with the year 3000" time="0"/>
  <testcase classname="| 3000 | 3000 |" name="When I ask for the section\&apos;s year" time="0"/>
  <testcase classname="| 3000 | 3000 |" name="Then I receive the integer 3000 from the section" time="0"/>
  <testcase classname="| 3000 | 3000 |" name="| 3000 | 3000 |" time="0"/>
  <testcase classname="| 0800 | 0800 |" name="Given there is a section with the start time 0800" time="0"/>
  <testcase classname="| 0800 | 0800 |" name="When I ask for the section\&apos;s start time" time="0"/>
  <testcase classname="| 0800 | 0800 |" name="Then I receive the integer 0800 from the section" time="0"/>
  <testcase classname="| 0800 | 0800 |" name="| 0800 | 0800 |" time="0"/>
  <testcase classname="| 0900 | 0900 |" name="Given there is a section with the start time 0900" time="0"/>
  <testcase classname="| 0900 | 0900 |" name="When I ask for the section\&apos;s start time" time="0"/>
  <testcase classname="| 0900 | 0900 |" name="Then I receive the integer 0900 from the section" time="0"/>
  <testcase classname="| 0900 | 0900 |" name="| 0900 | 0900 |" time="0"/>
  <testcase classname="| 1330 | 1330 |" name="Given there is a section with the start time 1330" time="0"/>
  <testcase classname="| 1330 | 1330 |" name="When I ask for the section\&apos;s start time" time="0"/>
  <testcase classname="| 1330 | 1330 |" name="Then I receive the integer 1330 from the section" time="0"/>
  <testcase classname="| 1330 | 1330 |" name="| 1330 | 1330 |" time="0"/>
  <testcase classname="| 0950 | 0950 |" name="Given there is a section with the end time 0950" time="0"/>
  <testcase classname="| 0950 | 0950 |" name="When I ask for the section\&apos;s end time" time="0"/>
  <testcase classname="| 0950 | 0950 |" name="Then I receive the integer 0950 from the section" time="0"/>
  <testcase classname="| 0950 | 0950 |" name="| 0950 | 0950 |" time="0"/>
  <testcase classname="| 1050 | 1050 |" name="Given there is a section with the end time 1050" time="0"/>
  <testcase classname="| 1050 | 1050 |" name="When I ask for the section\&apos;s end time" time="0"/>
  <testcase classname="| 1050 | 1050 |" name="Then I receive the integer 1050 from the section" time="0"/>
  <testcase classname="| 1050 | 1050 |" name="| 1050 | 1050 |" time="0"/>
  <testcase classname="| 1420 | 1420 |" name="Given there is a section with the end time 1420" time="0"/>
  <testcase classname="| 1420 | 1420 |" name="When I ask for the section\&apos;s end time" time="0"/>
  <testcase classname="| 1420 | 1420 |" name="Then I receive the integer 1420 from the section" time="0"/>
  <testcase classname="| 1420 | 1420 |" name="| 1420 | 1420 |" time="0"/>
  <testcase classname="Scenario: System asks for a student\&apos;s first name" name="Given there is a student with the first name \&quot;Bubba\&quot;" time="0"/>
  <testcase classname="Scenario: System asks for a student\&apos;s first name" name="When I ask for the student\&apos;s first name" time="0"/>
  <testcase classname="Scenario: System asks for a student\&apos;s first name" name="Then I receive the string \&quot;Bubba\&quot; from the student" time="0"/>
  <testcase classname="Scenario: System asks for a student\&apos;s first name" name="Scenario: System asks for a student\&apos;s first name" time="0.001"/>
  <testcase classname="Scenario: System asks for a student\&apos;s last name" name="Given there is a student with the last name \&quot;Blinkendorf\&quot;" time="0"/>
  <testcase classname="Scenario: System asks for a student\&apos;s last name" name="When I ask for the student\&apos;s last name" time="0"/>
  <testcase classname="Scenario: System asks for a student\&apos;s last name" name="Then I receive the string \&quot;Blinkendorf\&quot; from the student" time="0"/>
  <testcase classname="Scenario: System asks for a student\&apos;s last name" name="Scenario: System asks for a student\&apos;s last name" time="0"/>
  <testcase classname="Scenario: System asks for a student\&apos;s classification" name="Given there is a student with the classification \&quot;SR\&quot;" time="0"/>
  <testcase classname="Scenario: System asks for a student\&apos;s classification" name="When I ask for the student\&apos;s classification" time="0"/>
  <testcase classname="Scenario: System asks for a student\&apos;s classification" name="Then I recieve the string \&quot;SR\&quot; from the student" time="0"/>
  <testcase classname="Scenario: System asks for a student\&apos;s classification" name="Scenario: System asks for a student\&apos;s classification" time="0"/>
  <testcase classname="Scenario: System asks for a student\&apos;s sections" name="Given there is a student with the following sections:" time="0"/>
  <testcase classname="Scenario: System asks for a student\&apos;s sections" name="When I ask for the student\&apos;s sections" time="0"/>
  <testcase classname="Scenario: System asks for a student\&apos;s sections" name="Then I receive this set from the student:" time="0"/>
  <testcase classname="Scenario: System asks for a student\&apos;s sections" name="Scenario: System asks for a student\&apos;s sections" time="0"/>
</testsuite>