<?xml version="1.0" encoding="UTF-8" ?>
<testsuite tests="41" failures="0" name="RunCukesTest" time="0.004" errors="0" skipped="0">
  <properties>
    <property name="java.runtime.name" value="OpenJDK Runtime Environment"/>
    <property name="sun.boot.library.path" value="/usr/lib/jvm/java-8-openjdk-amd64/jre/lib/amd64"/>
    <property name="java.vm.version" value="25.91-b14"/>
    <property name="java.vm.vendor" value="Oracle Corporation"/>
    <property name="maven.multiModuleProjectDirectory" value="/home/kevin/Development/se_project_2"/>
    <property name="java.vendor.url" value="http://java.oracle.com/"/>
    <property name="path.separator" value=":"/>
    <property name="guice.disable.misplaced.annotation.check" value="true"/>
    <property name="java.vm.name" value="OpenJDK 64-Bit Server VM"/>
    <property name="file.encoding.pkg" value="sun.io"/>
    <property name="user.country" value="US"/>
    <property name="sun.java.launcher" value="SUN_STANDARD"/>
    <property name="sun.os.patch.level" value="unknown"/>
    <property name="java.vm.specification.name" value="Java Virtual Machine Specification"/>
    <property name="user.dir" value="/home/kevin/Development/se_project_2"/>
    <property name="java.runtime.version" value="1.8.0_91-8u91-b14-3ubuntu1~16.04.1-b14"/>
    <property name="java.awt.graphicsenv" value="sun.awt.X11GraphicsEnvironment"/>
    <property name="java.endorsed.dirs" value="/usr/lib/jvm/java-8-openjdk-amd64/jre/lib/endorsed"/>
    <property name="os.arch" value="amd64"/>
    <property name="java.io.tmpdir" value="/tmp"/>
    <property name="line.separator" value="
"/>
    <property name="java.vm.specification.vendor" value="Oracle Corporation"/>
    <property name="os.name" value="Linux"/>
    <property name="classworlds.conf" value="/usr/share/maven/bin/m2.conf"/>
    <property name="sun.jnu.encoding" value="UTF-8"/>
    <property name="java.library.path" value="/usr/java/packages/lib/amd64:/usr/lib/x86_64-linux-gnu/jni:/lib/x86_64-linux-gnu:/usr/lib/x86_64-linux-gnu:/usr/lib/jni:/lib:/usr/lib"/>
    <property name="java.specification.name" value="Java Platform API Specification"/>
    <property name="java.class.version" value="52.0"/>
    <property name="sun.management.compiler" value="HotSpot 64-Bit Tiered Compilers"/>
    <property name="os.version" value="4.4.0-38-generic"/>
    <property name="user.home" value="/home/kevin"/>
    <property name="user.timezone" value="America/Chicago"/>
    <property name="java.awt.printerjob" value="sun.print.PSPrinterJob"/>
    <property name="file.encoding" value="UTF-8"/>
    <property name="java.specification.version" value="1.8"/>
    <property name="user.name" value="kevin"/>
    <property name="java.class.path" value="/usr/share/maven/boot/plexus-classworlds-2.x.jar"/>
    <property name="java.vm.specification.version" value="1.8"/>
    <property name="sun.arch.data.model" value="64"/>
    <property name="java.home" value="/usr/lib/jvm/java-8-openjdk-amd64/jre"/>
    <property name="sun.java.command" value="org.codehaus.plexus.classworlds.launcher.Launcher clean test"/>
    <property name="java.specification.vendor" value="Oracle Corporation"/>
    <property name="user.language" value="en"/>
    <property name="awt.toolkit" value="sun.awt.X11.XToolkit"/>
    <property name="java.vm.info" value="mixed mode"/>
    <property name="java.version" value="1.8.0_91"/>
    <property name="java.ext.dirs" value="/usr/lib/jvm/java-8-openjdk-amd64/jre/lib/ext:/usr/java/packages/lib/ext"/>
    <property name="securerandom.source" value="file:/dev/./urandom"/>
    <property name="sun.boot.class.path" value="/usr/lib/jvm/java-8-openjdk-amd64/jre/lib/resources.jar:/usr/lib/jvm/java-8-openjdk-amd64/jre/lib/rt.jar:/usr/lib/jvm/java-8-openjdk-amd64/jre/lib/sunrsasign.jar:/usr/lib/jvm/java-8-openjdk-amd64/jre/lib/jsse.jar:/usr/lib/jvm/java-8-openjdk-amd64/jre/lib/jce.jar:/usr/lib/jvm/java-8-openjdk-amd64/jre/lib/charsets.jar:/usr/lib/jvm/java-8-openjdk-amd64/jre/lib/jfr.jar:/usr/lib/jvm/java-8-openjdk-amd64/jre/classes"/>
    <property name="java.vendor" value="Oracle Corporation"/>
    <property name="maven.home" value="/usr/share/maven"/>
    <property name="file.separator" value="/"/>
    <property name="java.vendor.url.bug" value="http://bugreport.sun.com/bugreport/"/>
    <property name="sun.cpu.endian" value="little"/>
    <property name="sun.io.unicode.encoding" value="UnicodeLittle"/>
    <property name="sun.desktop" value="gnome"/>
    <property name="sun.cpu.isalist" value=""/>
  </properties>
  <testcase classname="Scenario: The parser successfully reads the lines in file \&quot;parse_test_1.csv\&quot;" name="Given the file \&quot;parse_test_1.csv\&quot; to parse" time="0"/>
  <testcase classname="Scenario: The parser successfully reads the lines in file \&quot;parse_test_1.csv\&quot;" name="When I request line 1 of the file" time="0"/>
  <testcase classname="Scenario: The parser successfully reads the lines in file \&quot;parse_test_1.csv\&quot;" name="Then I receive the string values:" time="0"/>
  <testcase classname="Scenario: The parser successfully reads the lines in file \&quot;parse_test_1.csv\&quot;" name="Given the file \&quot;parse_test_1.csv\&quot; to parse" time="0"/>
  <testcase classname="Scenario: The parser successfully reads the lines in file \&quot;parse_test_1.csv\&quot;" name="When I request line 2 of the file" time="0"/>
  <testcase classname="Scenario: The parser successfully reads the lines in file \&quot;parse_test_1.csv\&quot;" name="Then I receive the string values:" time="0"/>
  <testcase classname="Scenario: The parser successfully reads the lines in file \&quot;parse_test_1.csv\&quot;" name="Given the file \&quot;parse_test_1.csv\&quot; to parse" time="0"/>
  <testcase classname="Scenario: The parser successfully reads the lines in file \&quot;parse_test_1.csv\&quot;" name="When I request line 3 of the file" time="0"/>
  <testcase classname="Scenario: The parser successfully reads the lines in file \&quot;parse_test_1.csv\&quot;" name="Then I receive the string values:" time="0"/>
  <testcase classname="Scenario: The parser successfully reads the lines in file \&quot;parse_test_1.csv\&quot;" name="Given the file \&quot;parse_test_1.csv\&quot; to parse" time="0"/>
  <testcase classname="Scenario: The parser successfully reads the lines in file \&quot;parse_test_1.csv\&quot;" name="When I request line 4 of the file" time="0"/>
  <testcase classname="Scenario: The parser successfully reads the lines in file \&quot;parse_test_1.csv\&quot;" name="Then I receive the string values:" time="0"/>
  <testcase classname="Scenario: The parser successfully reads the lines in file \&quot;parse_test_1.csv\&quot;" name="Scenario: The parser successfully reads the lines in file \&quot;parse_test_1.csv\&quot;" time="0"/>
  <testcase classname="Scenario: System asks for a professor\&apos;s first name" name="Given there is a professor with the first name \&quot;Brent\&quot;" time="0"/>
  <testcase classname="Scenario: System asks for a professor\&apos;s first name" name="When I ask for the professor\&apos;s first name" time="0"/>
  <testcase classname="Scenario: System asks for a professor\&apos;s first name" name="Then I receive the string \&quot;Brent\&quot; from the professor" time="0"/>
  <testcase classname="Scenario: System asks for a professor\&apos;s first name" name="Scenario: System asks for a professor\&apos;s first name" time="0"/>
  <testcase classname="Scenario: System asks for a professor\&apos;s last name" name="Given there is a professor with the last name \&quot;Reeves\&quot;" time="0"/>
  <testcase classname="Scenario: System asks for a professor\&apos;s last name" name="When I ask for the professor\&apos;s last name" time="0.001"/>
  <testcase classname="Scenario: System asks for a professor\&apos;s last name" name="Then I receive the string \&quot;Reeves\&quot; from the professor" time="0"/>
  <testcase classname="Scenario: System asks for a professor\&apos;s last name" name="Scenario: System asks for a professor\&apos;s last name" time="0"/>
  <testcase classname="Scenario: System asks for a professor\&apos;s sections" name="Given there is a professor with the following sections:" time="0"/>
  <testcase classname="Scenario: System asks for a professor\&apos;s sections" name="When I ask for the professor\&apos;s sections" time="0"/>
  <testcase classname="Scenario: System asks for a professor\&apos;s sections" name="Then I receive this set from the professor:" time="0"/>
  <testcase classname="Scenario: System asks for a professor\&apos;s sections" name="Scenario: System asks for a professor\&apos;s sections" time="0.001"/>
  <testcase classname="Scenario: System asks for a student\&apos;s first name" name="Given there is a student with the first name \&quot;Bubba\&quot;" time="0"/>
  <testcase classname="Scenario: System asks for a student\&apos;s first name" name="When I ask for the student\&apos;s first name" time="0"/>
  <testcase classname="Scenario: System asks for a student\&apos;s first name" name="Then I receive the string \&quot;Bubba\&quot; from the student" time="0"/>
  <testcase classname="Scenario: System asks for a student\&apos;s first name" name="Scenario: System asks for a student\&apos;s first name" time="0"/>
  <testcase classname="Scenario: System asks for a student\&apos;s last name" name="Given there is a student with the last name \&quot;Blinkendorf\&quot;" time="0"/>
  <testcase classname="Scenario: System asks for a student\&apos;s last name" name="When I ask for the student\&apos;s last name" time="0"/>
  <testcase classname="Scenario: System asks for a student\&apos;s last name" name="Then I receive the string \&quot;Blinkendorf\&quot; from the student" time="0"/>
  <testcase classname="Scenario: System asks for a student\&apos;s last name" name="Scenario: System asks for a student\&apos;s last name" time="0"/>
  <testcase classname="Scenario: System asks for a student\&apos;s classification" name="Given there is a student with the classification \&quot;SR\&quot;" time="0"/>
  <testcase classname="Scenario: System asks for a student\&apos;s classification" name="When I ask for the student\&apos;s classification" time="0"/>
  <testcase classname="Scenario: System asks for a student\&apos;s classification" name="Then I recieve the string \&quot;SR\&quot; from the student" time="0"/>
  <testcase classname="Scenario: System asks for a student\&apos;s classification" name="Scenario: System asks for a student\&apos;s classification" time="0"/>
  <testcase classname="Scenario: System asks for a student\&apos;s sections" name="Given there is a student with the following sections:" time="0"/>
  <testcase classname="Scenario: System asks for a student\&apos;s sections" name="When I ask for the student\&apos;s sections" time="0"/>
  <testcase classname="Scenario: System asks for a student\&apos;s sections" name="Then I receive this set from the student:" time="0.001"/>
  <testcase classname="Scenario: System asks for a student\&apos;s sections" name="Scenario: System asks for a student\&apos;s sections" time="0.001"/>
</testsuite>